-------------------------------------------------------------------------------
Test set: Lesson_5.productTests.DeletePositiveTests
-------------------------------------------------------------------------------
Tests run: 1, Failures: 0, Errors: 1, Skipped: 0, Time elapsed: 0.006 s <<< FAILURE! - in Lesson_5.productTests.DeletePositiveTests
Lesson_5.productTests.DeletePositiveTests  Time elapsed: 0.006 s  <<< ERROR!
java.lang.NoSuchMethodError: okhttp3.HttpUrl.get(Ljava/lang/String;)Lokhttp3/HttpUrl;
	at Lesson_5.productTests.DeletePositiveTests.beforeAll(DeletePositiveTests.java:25)

