-------------------------------------------------------------------------------
Test set: Lesson_5.productTests.PutNegativeTests
-------------------------------------------------------------------------------
Tests run: 1, Failures: 0, Errors: 1, Skipped: 0, Time elapsed: 0 s <<< FAILURE! - in Lesson_5.productTests.PutNegativeTests
Lesson_5.productTests.PutNegativeTests  Time elapsed: 0 s  <<< ERROR!
java.lang.NoSuchMethodError: okhttp3.HttpUrl.get(Ljava/lang/String;)Lokhttp3/HttpUrl;
	at Lesson_5.productTests.PutNegativeTests.beforeAll(PutNegativeTests.java:26)

