-------------------------------------------------------------------------------
Test set: Lesson_5.productTests.PutPositiveTests
-------------------------------------------------------------------------------
Tests run: 1, Failures: 0, Errors: 1, Skipped: 0, Time elapsed: 0.012 s <<< FAILURE! - in Lesson_5.productTests.PutPositiveTests
Lesson_5.productTests.PutPositiveTests  Time elapsed: 0.009 s  <<< ERROR!
java.lang.NoSuchMethodError: okhttp3.HttpUrl.get(Ljava/lang/String;)Lokhttp3/HttpUrl;
	at Lesson_5.productTests.PutPositiveTests.beforeAll(PutPositiveTests.java:29)

