-------------------------------------------------------------------------------
Test set: Lesson_5.productTests.PostPositiveTests
-------------------------------------------------------------------------------
Tests run: 1, Failures: 0, Errors: 1, Skipped: 0, Time elapsed: 0.004 s <<< FAILURE! - in Lesson_5.productTests.PostPositiveTests
Lesson_5.productTests.PostPositiveTests  Time elapsed: 0.004 s  <<< ERROR!
java.lang.NoSuchMethodError: okhttp3.HttpUrl.get(Ljava/lang/String;)Lokhttp3/HttpUrl;
	at Lesson_5.productTests.PostPositiveTests.beforeAll(PostPositiveTests.java:24)

