-------------------------------------------------------------------------------
Test set: Lesson_5.productTests.GetNegativeTests
-------------------------------------------------------------------------------
Tests run: 1, Failures: 0, Errors: 1, Skipped: 0, Time elapsed: 0.009 s <<< FAILURE! - in Lesson_5.productTests.GetNegativeTests
Lesson_5.productTests.GetNegativeTests  Time elapsed: 0.009 s  <<< ERROR!
java.lang.NoSuchMethodError: okhttp3.HttpUrl.get(Ljava/lang/String;)Lokhttp3/HttpUrl;
	at Lesson_5.productTests.GetNegativeTests.beforeAll(GetNegativeTests.java:23)

