<?xml version="1.0" encoding="UTF-8"?>
<testsuite xmlns:xsi="http://www.w3.org/2001/XMLSchema-instance" xsi:noNamespaceSchemaLocation="https://maven.apache.org/surefire/maven-surefire-plugin/xsd/surefire-test-report.xsd" name="Lesson_5.CategoryTests" time="0.009" tests="1" errors="1" skipped="0" failures="0">
  <properties>
[...]
</properties>
  <testcase name="Lesson_5.CategoryTests" classname="Lesson_5.CategoryTests" time="0.009">
    <error message="okhttp3.HttpUrl.get(Ljava/lang/String;)Lokhttp3/HttpUrl;" type="java.lang.NoSuchMethodError">java.lang.NoSuchMethodError: okhttp3.HttpUrl.get(Ljava/lang/String;)Lokhttp3/HttpUrl;
	at Lesson_5.CategoryTests.beforeAll(CategoryTests.java:25)
</error>
  </testcase>
</testsuite>